<?xml version="1.0" encoding="UTF-8"?>
<!-- Generated by org.testng.reporters.JUnitReportReporter -->
<testsuite skipped="0" hostname="c-PC" name="testCases.EndToEndTestCase" tests="1" failures="0" timestamp="2020-11-22T11:47:37 IST" time="10.077" errors="0">
  <testcase name="runnerTest" time="10.077" classname="testCases.EndToEndTestCase"/>
  <system-out/>
</testsuite> <!-- testCases.EndToEndTestCase -->
